0 info it worked if it ends with ok
1 verbose cli [ '/usr/bin/node', '/usr/bin/npm', 'run', 'build:live' ]
2 info using npm@6.2.0
3 info using node@v10.9.0
4 verbose run-script [ 'prebuild:live', 'build:live', 'postbuild:live' ]
5 info lifecycle seporaservice@1.0.0~prebuild:live: seporaservice@1.0.0
6 info lifecycle seporaservice@1.0.0~build:live: seporaservice@1.0.0
7 verbose lifecycle seporaservice@1.0.0~build:live: unsafe-perm in lifecycle true
8 verbose lifecycle seporaservice@1.0.0~build:live: PATH: /usr/lib/node_modules/npm/node_modules/npm-lifecycle/node-gyp-bin:/data/www/all4contests/seporaService/node_modules/.bin:/usr/lib/node_modules/npm/node_modules/npm-lifecycle/node-gyp-bin:/data/www/all4contests/seporaService/node_modules/.bin:/usr/local/bin:/usr/bin:/usr/local/sbin:/usr/sbin
9 verbose lifecycle seporaservice@1.0.0~build:live: CWD: /data/www/all4contests/seporaService
10 silly lifecycle seporaservice@1.0.0~build:live: Args: [ '-c',
10 silly lifecycle   'nodemon --exec ./node_modules/.bin/ts-node -- ./lib/server.ts' ]
11 silly lifecycle seporaservice@1.0.0~build:live: Returned: code: 143  signal: null
12 info lifecycle seporaservice@1.0.0~build:live: Failed to exec build:live script
13 verbose stack Error: seporaservice@1.0.0 build:live: `nodemon --exec ./node_modules/.bin/ts-node -- ./lib/server.ts`
13 verbose stack Exit status 143
13 verbose stack     at EventEmitter.<anonymous> (/usr/lib/node_modules/npm/node_modules/npm-lifecycle/index.js:304:16)
13 verbose stack     at EventEmitter.emit (events.js:182:13)
13 verbose stack     at ChildProcess.<anonymous> (/usr/lib/node_modules/npm/node_modules/npm-lifecycle/lib/spawn.js:55:14)
13 verbose stack     at ChildProcess.emit (events.js:182:13)
13 verbose stack     at maybeClose (internal/child_process.js:961:16)
13 verbose stack     at Process.ChildProcess._handle.onexit (internal/child_process.js:250:5)
14 verbose pkgid seporaservice@1.0.0
15 verbose cwd /data/www/all4contests/seporaService
16 verbose Linux 3.10.0-862.9.1.el7.x86_64
17 verbose argv "/usr/bin/node" "/usr/bin/npm" "run" "build:live"
18 verbose node v10.9.0
19 verbose npm  v6.2.0
20 error code ELIFECYCLE
21 error errno 143
22 error seporaservice@1.0.0 build:live: `nodemon --exec ./node_modules/.bin/ts-node -- ./lib/server.ts`
22 error Exit status 143
23 error Failed at the seporaservice@1.0.0 build:live script.
23 error This is probably not a problem with npm. There is likely additional logging output above.
24 verbose exit [ 143, true ]
